<?xml version="1.0" encoding="UTF-8"?>
<!-- Generated by org.testng.reporters.JUnitXMLReporter -->
<testsuite ignored="0" hostname="LAPTOP-RRORHA7N" failures="0" tests="6" name="Default test" time="13.49" errors="0" timestamp="2024-01-07T15:42:31 IST">
  <testcase classname="api.test.DDTests" name="testPostuser" time="4.07"/>
  <testcase classname="api.test.DDTests" name="testPostuser" time="1.218"/>
  <testcase classname="api.test.DDTests" name="testPostuser" time="1.205"/>
  <testcase classname="api.test.DDTests" name="testDeleteUserByName" time="1.299"/>
  <testcase classname="api.test.DDTests" name="testDeleteUserByName" time="1.16"/>
  <testcase classname="api.test.DDTests" name="testDeleteUserByName" time="1.191"/>
</testsuite> <!-- Default test -->
