<?xml version="1.0" encoding="UTF-8"?>
<testng-results skipped="0" failed="0" ignored="0" total="14" passed="14">
  <reporter-output>
  </reporter-output>
  <suite name="PetSuite" duration-ms="33855" started-at="2024-01-07T16:22:34 IST" finished-at="2024-01-07T16:23:08 IST">
    <groups>
    </groups>
    <test name="PetTest" duration-ms="33855" started-at="2024-01-07T16:22:34 IST" finished-at="2024-01-07T16:23:08 IST">
      <class name="api.test.UserTests2">
        <test-method status="PASS" signature="setUp()[pri:0, instance:api.test.UserTests2@35d176f7]" name="setUp" is-config="true" duration-ms="63" started-at="2024-01-07T16:22:50 IST" finished-at="2024-01-07T16:22:50 IST">
          <reporter-output>
          </reporter-output>
        </test-method> <!-- setUp -->
        <test-method status="PASS" signature="testPostUser()[pri:1, instance:api.test.UserTests2@35d176f7]" name="testPostUser" duration-ms="1244" started-at="2024-01-07T16:22:50 IST" finished-at="2024-01-07T16:22:51 IST">
          <reporter-output>
          </reporter-output>
        </test-method> <!-- testPostUser -->
        <test-method status="PASS" signature="testGetUserByName()[pri:2, instance:api.test.UserTests2@35d176f7]" name="testGetUserByName" duration-ms="1194" started-at="2024-01-07T16:22:51 IST" finished-at="2024-01-07T16:22:52 IST">
          <reporter-output>
          </reporter-output>
        </test-method> <!-- testGetUserByName -->
        <test-method status="PASS" signature="testUpdateUserByName()[pri:3, instance:api.test.UserTests2@35d176f7]" name="testUpdateUserByName" duration-ms="2442" started-at="2024-01-07T16:22:52 IST" finished-at="2024-01-07T16:22:55 IST">
          <reporter-output>
          </reporter-output>
        </test-method> <!-- testUpdateUserByName -->
        <test-method status="PASS" signature="testDeleteUserByname()[pri:4, instance:api.test.UserTests2@35d176f7]" name="testDeleteUserByname" duration-ms="1193" started-at="2024-01-07T16:22:55 IST" finished-at="2024-01-07T16:22:56 IST">
          <reporter-output>
          </reporter-output>
        </test-method> <!-- testDeleteUserByname -->
      </class> <!-- api.test.UserTests2 -->
      <class name="api.test.UserTests">
        <test-method status="PASS" signature="setUp()[pri:0, instance:api.test.UserTests@551aa95a]" name="setUp" is-config="true" duration-ms="2255" started-at="2024-01-07T16:22:35 IST" finished-at="2024-01-07T16:22:37 IST">
          <reporter-output>
          </reporter-output>
        </test-method> <!-- setUp -->
        <test-method status="PASS" signature="testPostUser()[pri:1, instance:api.test.UserTests@551aa95a]" name="testPostUser" duration-ms="7431" started-at="2024-01-07T16:22:37 IST" finished-at="2024-01-07T16:22:45 IST">
          <reporter-output>
          </reporter-output>
        </test-method> <!-- testPostUser -->
        <test-method status="PASS" signature="testGetUserByName()[pri:2, instance:api.test.UserTests@551aa95a]" name="testGetUserByName" duration-ms="1347" started-at="2024-01-07T16:22:45 IST" finished-at="2024-01-07T16:22:46 IST">
          <reporter-output>
          </reporter-output>
        </test-method> <!-- testGetUserByName -->
        <test-method status="PASS" signature="testUpdateUserByName()[pri:3, instance:api.test.UserTests@551aa95a]" name="testUpdateUserByName" duration-ms="2504" started-at="2024-01-07T16:22:46 IST" finished-at="2024-01-07T16:22:49 IST">
          <reporter-output>
          </reporter-output>
        </test-method> <!-- testUpdateUserByName -->
        <test-method status="PASS" signature="testDeleteUserByname()[pri:4, instance:api.test.UserTests@551aa95a]" name="testDeleteUserByname" duration-ms="1233" started-at="2024-01-07T16:22:49 IST" finished-at="2024-01-07T16:22:50 IST">
          <reporter-output>
          </reporter-output>
        </test-method> <!-- testDeleteUserByname -->
      </class> <!-- api.test.UserTests -->
      <class name="api.test.DDTests">
        <test-method status="PASS" signature="testPostuser(java.lang.String, java.lang.String, java.lang.String, java.lang.String, java.lang.String, java.lang.String, java.lang.String)[pri:1, instance:api.test.DDTests@1dfe2924]" name="testPostuser" duration-ms="1260" started-at="2024-01-07T16:23:00 IST" data-provider="Data" finished-at="2024-01-07T16:23:02 IST">
          <params>
            <param index="0">
              <value>
                <![CDATA[1010]]>
              </value>
            </param>
            <param index="1">
              <value>
                <![CDATA[testuser1]]>
              </value>
            </param>
            <param index="2">
              <value>
                <![CDATA[John]]>
              </value>
            </param>
            <param index="3">
              <value>
                <![CDATA[Canedy]]>
              </value>
            </param>
            <param index="4">
              <value>
                <![CDATA[a@gmail.com]]>
              </value>
            </param>
            <param index="5">
              <value>
                <![CDATA[test@1]]>
              </value>
            </param>
            <param index="6">
              <value>
                <![CDATA[1234567897]]>
              </value>
            </param>
          </params>
          <reporter-output>
          </reporter-output>
        </test-method> <!-- testPostuser -->
        <test-method status="PASS" signature="testPostuser(java.lang.String, java.lang.String, java.lang.String, java.lang.String, java.lang.String, java.lang.String, java.lang.String)[pri:1, instance:api.test.DDTests@1dfe2924]" name="testPostuser" duration-ms="1197" started-at="2024-01-07T16:23:02 IST" data-provider="Data" finished-at="2024-01-07T16:23:03 IST">
          <params>
            <param index="0">
              <value>
                <![CDATA[1020]]>
              </value>
            </param>
            <param index="1">
              <value>
                <![CDATA[testuser2]]>
              </value>
            </param>
            <param index="2">
              <value>
                <![CDATA[Kim]]>
              </value>
            </param>
            <param index="3">
              <value>
                <![CDATA[Kom]]>
              </value>
            </param>
            <param index="4">
              <value>
                <![CDATA[b@gmail.com]]>
              </value>
            </param>
            <param index="5">
              <value>
                <![CDATA[test@2]]>
              </value>
            </param>
            <param index="6">
              <value>
                <![CDATA[1234567897]]>
              </value>
            </param>
          </params>
          <reporter-output>
          </reporter-output>
        </test-method> <!-- testPostuser -->
        <test-method status="PASS" signature="testPostuser(java.lang.String, java.lang.String, java.lang.String, java.lang.String, java.lang.String, java.lang.String, java.lang.String)[pri:1, instance:api.test.DDTests@1dfe2924]" name="testPostuser" duration-ms="1239" started-at="2024-01-07T16:23:03 IST" data-provider="Data" finished-at="2024-01-07T16:23:04 IST">
          <params>
            <param index="0">
              <value>
                <![CDATA[1030]]>
              </value>
            </param>
            <param index="1">
              <value>
                <![CDATA[testuser3]]>
              </value>
            </param>
            <param index="2">
              <value>
                <![CDATA[Smith]]>
              </value>
            </param>
            <param index="3">
              <value>
                <![CDATA[Steve]]>
              </value>
            </param>
            <param index="4">
              <value>
                <![CDATA[c@gmail.com]]>
              </value>
            </param>
            <param index="5">
              <value>
                <![CDATA[test@3]]>
              </value>
            </param>
            <param index="6">
              <value>
                <![CDATA[1234567897]]>
              </value>
            </param>
          </params>
          <reporter-output>
          </reporter-output>
        </test-method> <!-- testPostuser -->
        <test-method status="PASS" signature="testDeleteUserByName(java.lang.String)[pri:2, instance:api.test.DDTests@1dfe2924]" name="testDeleteUserByName" duration-ms="1236" started-at="2024-01-07T16:23:04 IST" data-provider="UserNames" finished-at="2024-01-07T16:23:05 IST">
          <params>
            <param index="0">
              <value>
                <![CDATA[testuser1]]>
              </value>
            </param>
          </params>
          <reporter-output>
          </reporter-output>
        </test-method> <!-- testDeleteUserByName -->
        <test-method status="PASS" signature="testDeleteUserByName(java.lang.String)[pri:2, instance:api.test.DDTests@1dfe2924]" name="testDeleteUserByName" duration-ms="1216" started-at="2024-01-07T16:23:05 IST" data-provider="UserNames" finished-at="2024-01-07T16:23:07 IST">
          <params>
            <param index="0">
              <value>
                <![CDATA[testuser2]]>
              </value>
            </param>
          </params>
          <reporter-output>
          </reporter-output>
        </test-method> <!-- testDeleteUserByName -->
        <test-method status="PASS" signature="testDeleteUserByName(java.lang.String)[pri:2, instance:api.test.DDTests@1dfe2924]" name="testDeleteUserByName" duration-ms="1222" started-at="2024-01-07T16:23:07 IST" data-provider="UserNames" finished-at="2024-01-07T16:23:08 IST">
          <params>
            <param index="0">
              <value>
                <![CDATA[testuser3]]>
              </value>
            </param>
          </params>
          <reporter-output>
          </reporter-output>
        </test-method> <!-- testDeleteUserByName -->
      </class> <!-- api.test.DDTests -->
    </test> <!-- PetTest -->
  </suite> <!-- PetSuite -->
</testng-results>
