<?xml version="1.0" encoding="UTF-8"?>
<testng-results ignored="0" total="14" passed="14" failed="0" skipped="0">
  <reporter-output>
  </reporter-output>
  <suite started-at="2024-01-07T16:10:49 IST" name="PetSuite" finished-at="2024-01-07T16:11:18 IST" duration-ms="29499">
    <groups>
    </groups>
    <test started-at="2024-01-07T16:10:49 IST" name="PetTest" finished-at="2024-01-07T16:11:18 IST" duration-ms="29499">
      <class name="api.test.UserTests">
        <test-method is-config="true" signature="setUp()[pri:0, instance:api.test.UserTests@794cb805]" started-at="2024-01-07T16:10:49 IST" name="setUp" finished-at="2024-01-07T16:10:51 IST" duration-ms="1709" status="PASS">
          <reporter-output>
          </reporter-output>
        </test-method> <!-- setUp -->
        <test-method signature="testPostUser()[pri:1, instance:api.test.UserTests@794cb805]" started-at="2024-01-07T16:10:51 IST" name="testPostUser" finished-at="2024-01-07T16:10:57 IST" duration-ms="5507" status="PASS">
          <reporter-output>
          </reporter-output>
        </test-method> <!-- testPostUser -->
        <test-method signature="testGetUserByName()[pri:2, instance:api.test.UserTests@794cb805]" started-at="2024-01-07T16:10:57 IST" name="testGetUserByName" finished-at="2024-01-07T16:10:58 IST" duration-ms="1360" status="PASS">
          <reporter-output>
          </reporter-output>
        </test-method> <!-- testGetUserByName -->
        <test-method signature="testUpdateUserByName()[pri:3, instance:api.test.UserTests@794cb805]" started-at="2024-01-07T16:10:58 IST" name="testUpdateUserByName" finished-at="2024-01-07T16:11:01 IST" duration-ms="2754" status="PASS">
          <reporter-output>
          </reporter-output>
        </test-method> <!-- testUpdateUserByName -->
        <test-method signature="testDeleteUserByname()[pri:4, instance:api.test.UserTests@794cb805]" started-at="2024-01-07T16:11:01 IST" name="testDeleteUserByname" finished-at="2024-01-07T16:11:02 IST" duration-ms="1363" status="PASS">
          <reporter-output>
          </reporter-output>
        </test-method> <!-- testDeleteUserByname -->
      </class> <!-- api.test.UserTests -->
      <class name="api.test.UserTests2">
        <test-method is-config="true" signature="setUp()[pri:0, instance:api.test.UserTests2@4b5a5ed1]" started-at="2024-01-07T16:11:02 IST" name="setUp" finished-at="2024-01-07T16:11:02 IST" duration-ms="87" status="PASS">
          <reporter-output>
          </reporter-output>
        </test-method> <!-- setUp -->
        <test-method signature="testPostUser()[pri:1, instance:api.test.UserTests2@4b5a5ed1]" started-at="2024-01-07T16:11:02 IST" name="testPostUser" finished-at="2024-01-07T16:11:04 IST" duration-ms="1330" status="PASS">
          <reporter-output>
          </reporter-output>
        </test-method> <!-- testPostUser -->
        <test-method signature="testGetUserByName()[pri:2, instance:api.test.UserTests2@4b5a5ed1]" started-at="2024-01-07T16:11:04 IST" name="testGetUserByName" finished-at="2024-01-07T16:11:05 IST" duration-ms="1224" status="PASS">
          <reporter-output>
          </reporter-output>
        </test-method> <!-- testGetUserByName -->
        <test-method signature="testUpdateUserByName()[pri:3, instance:api.test.UserTests2@4b5a5ed1]" started-at="2024-01-07T16:11:05 IST" name="testUpdateUserByName" finished-at="2024-01-07T16:11:07 IST" duration-ms="2337" status="PASS">
          <reporter-output>
          </reporter-output>
        </test-method> <!-- testUpdateUserByName -->
        <test-method signature="testDeleteUserByname()[pri:4, instance:api.test.UserTests2@4b5a5ed1]" started-at="2024-01-07T16:11:07 IST" name="testDeleteUserByname" finished-at="2024-01-07T16:11:08 IST" duration-ms="1211" status="PASS">
          <reporter-output>
          </reporter-output>
        </test-method> <!-- testDeleteUserByname -->
      </class> <!-- api.test.UserTests2 -->
      <class name="api.test.DDTests">
        <test-method signature="testPostuser(java.lang.String, java.lang.String, java.lang.String, java.lang.String, java.lang.String, java.lang.String, java.lang.String)[pri:1, instance:api.test.DDTests@59d016c9]" started-at="2024-01-07T16:11:11 IST" name="testPostuser" data-provider="Data" finished-at="2024-01-07T16:11:12 IST" duration-ms="1239" status="PASS">
          <params>
            <param index="0">
              <value>
                <![CDATA[1010]]>
              </value>
            </param>
            <param index="1">
              <value>
                <![CDATA[testuser1]]>
              </value>
            </param>
            <param index="2">
              <value>
                <![CDATA[John]]>
              </value>
            </param>
            <param index="3">
              <value>
                <![CDATA[Canedy]]>
              </value>
            </param>
            <param index="4">
              <value>
                <![CDATA[a@gmail.com]]>
              </value>
            </param>
            <param index="5">
              <value>
                <![CDATA[test@1]]>
              </value>
            </param>
            <param index="6">
              <value>
                <![CDATA[1234567897]]>
              </value>
            </param>
          </params>
          <reporter-output>
          </reporter-output>
        </test-method> <!-- testPostuser -->
        <test-method signature="testPostuser(java.lang.String, java.lang.String, java.lang.String, java.lang.String, java.lang.String, java.lang.String, java.lang.String)[pri:1, instance:api.test.DDTests@59d016c9]" started-at="2024-01-07T16:11:12 IST" name="testPostuser" data-provider="Data" finished-at="2024-01-07T16:11:13 IST" duration-ms="1218" status="PASS">
          <params>
            <param index="0">
              <value>
                <![CDATA[1020]]>
              </value>
            </param>
            <param index="1">
              <value>
                <![CDATA[testuser2]]>
              </value>
            </param>
            <param index="2">
              <value>
                <![CDATA[Kim]]>
              </value>
            </param>
            <param index="3">
              <value>
                <![CDATA[Kom]]>
              </value>
            </param>
            <param index="4">
              <value>
                <![CDATA[b@gmail.com]]>
              </value>
            </param>
            <param index="5">
              <value>
                <![CDATA[test@2]]>
              </value>
            </param>
            <param index="6">
              <value>
                <![CDATA[1234567897]]>
              </value>
            </param>
          </params>
          <reporter-output>
          </reporter-output>
        </test-method> <!-- testPostuser -->
        <test-method signature="testPostuser(java.lang.String, java.lang.String, java.lang.String, java.lang.String, java.lang.String, java.lang.String, java.lang.String)[pri:1, instance:api.test.DDTests@59d016c9]" started-at="2024-01-07T16:11:13 IST" name="testPostuser" data-provider="Data" finished-at="2024-01-07T16:11:15 IST" duration-ms="1188" status="PASS">
          <params>
            <param index="0">
              <value>
                <![CDATA[1030]]>
              </value>
            </param>
            <param index="1">
              <value>
                <![CDATA[testuser3]]>
              </value>
            </param>
            <param index="2">
              <value>
                <![CDATA[Smith]]>
              </value>
            </param>
            <param index="3">
              <value>
                <![CDATA[Steve]]>
              </value>
            </param>
            <param index="4">
              <value>
                <![CDATA[c@gmail.com]]>
              </value>
            </param>
            <param index="5">
              <value>
                <![CDATA[test@3]]>
              </value>
            </param>
            <param index="6">
              <value>
                <![CDATA[1234567897]]>
              </value>
            </param>
          </params>
          <reporter-output>
          </reporter-output>
        </test-method> <!-- testPostuser -->
        <test-method signature="testDeleteUserByName(java.lang.String)[pri:2, instance:api.test.DDTests@59d016c9]" started-at="2024-01-07T16:11:15 IST" name="testDeleteUserByName" data-provider="UserNames" finished-at="2024-01-07T16:11:16 IST" duration-ms="1233" status="PASS">
          <params>
            <param index="0">
              <value>
                <![CDATA[testuser1]]>
              </value>
            </param>
          </params>
          <reporter-output>
          </reporter-output>
        </test-method> <!-- testDeleteUserByName -->
        <test-method signature="testDeleteUserByName(java.lang.String)[pri:2, instance:api.test.DDTests@59d016c9]" started-at="2024-01-07T16:11:16 IST" name="testDeleteUserByName" data-provider="UserNames" finished-at="2024-01-07T16:11:17 IST" duration-ms="1179" status="PASS">
          <params>
            <param index="0">
              <value>
                <![CDATA[testuser2]]>
              </value>
            </param>
          </params>
          <reporter-output>
          </reporter-output>
        </test-method> <!-- testDeleteUserByName -->
        <test-method signature="testDeleteUserByName(java.lang.String)[pri:2, instance:api.test.DDTests@59d016c9]" started-at="2024-01-07T16:11:17 IST" name="testDeleteUserByName" data-provider="UserNames" finished-at="2024-01-07T16:11:18 IST" duration-ms="1205" status="PASS">
          <params>
            <param index="0">
              <value>
                <![CDATA[testuser3]]>
              </value>
            </param>
          </params>
          <reporter-output>
          </reporter-output>
        </test-method> <!-- testDeleteUserByName -->
      </class> <!-- api.test.DDTests -->
    </test> <!-- PetTest -->
  </suite> <!-- PetSuite -->
</testng-results>
