<?xml version="1.0" encoding="UTF-8"?>
<!-- Generated by org.testng.reporters.JUnitXMLReporter -->
<testsuite hostname="LAPTOP-RRORHA7N" ignored="0" name="PetTest" tests="14" failures="0" timestamp="2024-01-07T16:23:08 IST" time="33.855" errors="0">
  <testcase name="testPostUser" time="7.431" classname="api.test.UserTests"/>
  <testcase name="testGetUserByName" time="1.347" classname="api.test.UserTests"/>
  <testcase name="testUpdateUserByName" time="2.504" classname="api.test.UserTests"/>
  <testcase name="testDeleteUserByname" time="1.233" classname="api.test.UserTests"/>
  <testcase name="testPostUser" time="1.244" classname="api.test.UserTests2"/>
  <testcase name="testGetUserByName" time="1.194" classname="api.test.UserTests2"/>
  <testcase name="testUpdateUserByName" time="2.442" classname="api.test.UserTests2"/>
  <testcase name="testDeleteUserByname" time="1.193" classname="api.test.UserTests2"/>
  <testcase name="testPostuser" time="1.26" classname="api.test.DDTests"/>
  <testcase name="testPostuser" time="1.197" classname="api.test.DDTests"/>
  <testcase name="testPostuser" time="1.239" classname="api.test.DDTests"/>
  <testcase name="testDeleteUserByName" time="1.236" classname="api.test.DDTests"/>
  <testcase name="testDeleteUserByName" time="1.216" classname="api.test.DDTests"/>
  <testcase name="testDeleteUserByName" time="1.222" classname="api.test.DDTests"/>
</testsuite> <!-- PetTest -->
