<?xml version="1.0" encoding="UTF-8"?>
<!-- Generated by org.testng.reporters.JUnitXMLReporter -->
<testsuite ignored="0" hostname="LAPTOP-RRORHA7N" failures="0" tests="14" name="PetTest" time="29.499" errors="0" timestamp="2024-01-07T16:11:18 IST">
  <testcase classname="api.test.UserTests" name="testPostUser" time="5.507"/>
  <testcase classname="api.test.UserTests" name="testGetUserByName" time="1.36"/>
  <testcase classname="api.test.UserTests" name="testUpdateUserByName" time="2.754"/>
  <testcase classname="api.test.UserTests" name="testDeleteUserByname" time="1.363"/>
  <testcase classname="api.test.UserTests2" name="testPostUser" time="1.33"/>
  <testcase classname="api.test.UserTests2" name="testGetUserByName" time="1.224"/>
  <testcase classname="api.test.UserTests2" name="testUpdateUserByName" time="2.337"/>
  <testcase classname="api.test.UserTests2" name="testDeleteUserByname" time="1.211"/>
  <testcase classname="api.test.DDTests" name="testPostuser" time="1.239"/>
  <testcase classname="api.test.DDTests" name="testPostuser" time="1.218"/>
  <testcase classname="api.test.DDTests" name="testPostuser" time="1.188"/>
  <testcase classname="api.test.DDTests" name="testDeleteUserByName" time="1.233"/>
  <testcase classname="api.test.DDTests" name="testDeleteUserByName" time="1.179"/>
  <testcase classname="api.test.DDTests" name="testDeleteUserByName" time="1.205"/>
</testsuite> <!-- PetTest -->
